12-Jun-2024 10:27:21.741 INFO [main] org.apache.openejb.persistence.PersistenceBootstrap.getDefaultProvider Default JPA Provider changed to org.eclipse.persistence.jpa.PersistenceProvider specified by jar:file:/mnt/8EFED7B1FED79037/UBUNTU-BACKUP/VS-GIT/tomee-demo-project/apache-tomee-plume-8.0.16/lib/openejb-core-eclipselink-8.0.16.jar!/META-INF/org.apache.openejb.persistence.PersistenceBootstrap.provider
12-Jun-2024 10:27:21.939 INFO [main] sun.reflect.NativeMethodAccessorImpl.invoke Server version name:   Apache Tomcat (TomEE)/9.0.82 (8.0.16)
12-Jun-2024 10:27:21.940 INFO [main] sun.reflect.NativeMethodAccessorImpl.invoke Server built:          Oct 11 2023 13:15:08 UTC
12-Jun-2024 10:27:21.940 INFO [main] sun.reflect.NativeMethodAccessorImpl.invoke Server version number: 9.0.82.0
12-Jun-2024 10:27:21.940 INFO [main] sun.reflect.NativeMethodAccessorImpl.invoke OS Name:               Linux
12-Jun-2024 10:27:21.940 INFO [main] sun.reflect.NativeMethodAccessorImpl.invoke OS Version:            5.4.0-150-generic
12-Jun-2024 10:27:21.940 INFO [main] sun.reflect.NativeMethodAccessorImpl.invoke Architecture:          amd64
12-Jun-2024 10:27:21.940 INFO [main] sun.reflect.NativeMethodAccessorImpl.invoke Java Home:             /usr/lib/jvm/jdk1.8.0_301/jre
12-Jun-2024 10:27:21.940 INFO [main] sun.reflect.NativeMethodAccessorImpl.invoke JVM Version:           1.8.0_301-b09
12-Jun-2024 10:27:21.940 INFO [main] sun.reflect.NativeMethodAccessorImpl.invoke JVM Vendor:            Oracle Corporation
12-Jun-2024 10:27:21.940 INFO [main] sun.reflect.NativeMethodAccessorImpl.invoke CATALINA_BASE:         /mnt/8EFED7B1FED79037/UBUNTU-BACKUP/VS-GIT/tomee-demo-project/apache-tomee-plume-8.0.16
12-Jun-2024 10:27:21.940 INFO [main] sun.reflect.NativeMethodAccessorImpl.invoke CATALINA_HOME:         /mnt/8EFED7B1FED79037/UBUNTU-BACKUP/VS-GIT/tomee-demo-project/apache-tomee-plume-8.0.16
12-Jun-2024 10:27:21.941 INFO [main] sun.reflect.NativeMethodAccessorImpl.invoke Command line argument: -Djava.util.logging.config.file=/mnt/8EFED7B1FED79037/UBUNTU-BACKUP/VS-GIT/tomee-demo-project/apache-tomee-plume-8.0.16/conf/logging.properties
12-Jun-2024 10:27:21.941 INFO [main] sun.reflect.NativeMethodAccessorImpl.invoke Command line argument: -Djava.util.logging.manager=org.apache.juli.ClassLoaderLogManager
12-Jun-2024 10:27:21.941 INFO [main] sun.reflect.NativeMethodAccessorImpl.invoke Command line argument: -javaagent:/mnt/8EFED7B1FED79037/UBUNTU-BACKUP/VS-GIT/tomee-demo-project/apache-tomee-plume-8.0.16/lib/openejb-javaagent.jar
12-Jun-2024 10:27:21.941 INFO [main] sun.reflect.NativeMethodAccessorImpl.invoke Command line argument: -Djdk.tls.ephemeralDHKeySize=2048
12-Jun-2024 10:27:21.942 INFO [main] sun.reflect.NativeMethodAccessorImpl.invoke Command line argument: -Djava.protocol.handler.pkgs=org.apache.catalina.webresources
12-Jun-2024 10:27:21.942 INFO [main] sun.reflect.DelegatingMethodAccessorImpl.invoke Command line argument: -Dorg.apache.catalina.security.SecurityListener.UMASK=0027
12-Jun-2024 10:27:21.942 INFO [main] sun.reflect.DelegatingMethodAccessorImpl.invoke Command line argument: -Dignore.endorsed.dirs=
12-Jun-2024 10:27:21.942 INFO [main] sun.reflect.DelegatingMethodAccessorImpl.invoke Command line argument: -Dcatalina.base=/mnt/8EFED7B1FED79037/UBUNTU-BACKUP/VS-GIT/tomee-demo-project/apache-tomee-plume-8.0.16
12-Jun-2024 10:27:21.942 INFO [main] sun.reflect.DelegatingMethodAccessorImpl.invoke Command line argument: -Dcatalina.home=/mnt/8EFED7B1FED79037/UBUNTU-BACKUP/VS-GIT/tomee-demo-project/apache-tomee-plume-8.0.16
12-Jun-2024 10:27:21.942 INFO [main] sun.reflect.DelegatingMethodAccessorImpl.invoke Command line argument: -Djava.io.tmpdir=/mnt/8EFED7B1FED79037/UBUNTU-BACKUP/VS-GIT/tomee-demo-project/apache-tomee-plume-8.0.16/temp
12-Jun-2024 10:27:21.944 INFO [main] sun.reflect.DelegatingMethodAccessorImpl.invoke The Apache Tomcat Native library which allows using OpenSSL was not found on the java.library.path: [/usr/java/packages/lib/amd64:/usr/lib64:/lib64:/lib:/usr/lib]
12-Jun-2024 10:27:22.405 INFO [main] sun.reflect.DelegatingMethodAccessorImpl.invoke Initializing ProtocolHandler ["http-nio-0.0.0.0-8080"]
12-Jun-2024 10:27:22.667 INFO [main] org.apache.openejb.util.OptionsLog.info Using 'openejb.jdbc.datasource-creator=org.apache.tomee.jdbc.TomEEDataSourceCreator'
12-Jun-2024 10:27:22.745 INFO [main] org.apache.openejb.OpenEJB$Instance.<init> ********************************************************************************
12-Jun-2024 10:27:22.746 INFO [main] org.apache.openejb.OpenEJB$Instance.<init> OpenEJB https://tomee.apache.org/
12-Jun-2024 10:27:22.746 INFO [main] org.apache.openejb.OpenEJB$Instance.<init> Startup: Wed Jun 12 10:27:22 PKT 2024
12-Jun-2024 10:27:22.746 INFO [main] org.apache.openejb.OpenEJB$Instance.<init> Copyright 1999-2023 (C) Apache TomEE Project, All Rights Reserved.
12-Jun-2024 10:27:22.746 INFO [main] org.apache.openejb.OpenEJB$Instance.<init> Version: 8.0.16
12-Jun-2024 10:27:22.746 INFO [main] org.apache.openejb.OpenEJB$Instance.<init> Build date: 20231029
12-Jun-2024 10:27:22.746 INFO [main] org.apache.openejb.OpenEJB$Instance.<init> Build time: 12:20
12-Jun-2024 10:27:22.746 INFO [main] org.apache.openejb.OpenEJB$Instance.<init> ********************************************************************************
12-Jun-2024 10:27:22.746 INFO [main] org.apache.openejb.OpenEJB$Instance.<init> openejb.home = /mnt/8EFED7B1FED79037/UBUNTU-BACKUP/VS-GIT/tomee-demo-project/apache-tomee-plume-8.0.16
12-Jun-2024 10:27:22.746 INFO [main] org.apache.openejb.OpenEJB$Instance.<init> openejb.base = /mnt/8EFED7B1FED79037/UBUNTU-BACKUP/VS-GIT/tomee-demo-project/apache-tomee-plume-8.0.16
12-Jun-2024 10:27:22.748 INFO [main] org.apache.openejb.cdi.CdiBuilder.initializeOWB Created new singletonService org.apache.openejb.cdi.ThreadSingletonServiceImpl@2d3379b4
12-Jun-2024 10:27:22.750 INFO [main] org.apache.openejb.cdi.CdiBuilder.initializeOWB Succeeded in installing singleton service
12-Jun-2024 10:27:22.778 INFO [main] org.apache.openejb.config.ConfigurationFactory.init TomEE configuration file is '/mnt/8EFED7B1FED79037/UBUNTU-BACKUP/VS-GIT/tomee-demo-project/apache-tomee-plume-8.0.16/conf/tomee.xml'
12-Jun-2024 10:27:22.812 INFO [main] org.apache.openejb.config.ConfigurationFactory.configureService Configuring Service(id=Tomcat Security Service, type=SecurityService, provider-id=Tomcat Security Service)
12-Jun-2024 10:27:22.814 INFO [main] org.apache.openejb.config.ConfigurationFactory.configureService Configuring Service(id=Default Transaction Manager, type=TransactionManager, provider-id=Default Transaction Manager)
12-Jun-2024 10:27:22.815 INFO [main] org.apache.openejb.config.ConfigurationFactory.configureService Configuring Service(id=jdbc/BrandGroupXADS, type=Resource, provider-id=Default JDBC Database)
12-Jun-2024 10:27:22.817 INFO [main] org.apache.openejb.util.OptionsLog.info Using 'openejb.deployments.classpath=false'
12-Jun-2024 10:27:22.833 INFO [main] org.apache.openejb.assembler.classic.Assembler.createRecipe Creating TransactionManager(id=Default Transaction Manager)
12-Jun-2024 10:27:22.876 INFO [main] org.apache.openejb.assembler.classic.Assembler.createRecipe Creating SecurityService(id=Tomcat Security Service)
12-Jun-2024 10:27:22.901 INFO [main] org.apache.openejb.assembler.classic.Assembler.createRecipe Creating Resource(id=jdbc/BrandGroupXADS)
12-Jun-2024 10:27:24.309 INFO [main] org.apache.openejb.server.ServiceManager.initServer Creating ServerService(id=cxf)
12-Jun-2024 10:27:24.434 INFO [main] org.apache.openejb.server.ServiceManager.initServer Creating ServerService(id=cxf-rs)
12-Jun-2024 10:27:24.460 INFO [main] org.apache.openejb.server.SimpleServiceManager.start   ** Bound Services **
12-Jun-2024 10:27:24.460 INFO [main] org.apache.openejb.server.SimpleServiceManager.printRow   NAME                 IP              PORT  
12-Jun-2024 10:27:24.460 INFO [main] org.apache.openejb.server.SimpleServiceManager.start -------
12-Jun-2024 10:27:24.460 INFO [main] org.apache.openejb.server.SimpleServiceManager.start Ready!
12-Jun-2024 10:27:24.460 INFO [main] sun.reflect.DelegatingMethodAccessorImpl.invoke Server initialization in [2694] milliseconds
12-Jun-2024 10:27:24.485 INFO [main] org.apache.tomee.catalina.OpenEJBNamingContextListener.bindResource Importing a Tomcat Resource with id 'UserDatabase' of type 'org.apache.catalina.UserDatabase'.
12-Jun-2024 10:27:24.486 INFO [main] org.apache.openejb.assembler.classic.Assembler.createRecipe Creating Resource(id=UserDatabase)
12-Jun-2024 10:27:24.501 INFO [main] sun.reflect.DelegatingMethodAccessorImpl.invoke Starting service [Catalina]
12-Jun-2024 10:27:24.501 INFO [main] sun.reflect.DelegatingMethodAccessorImpl.invoke Starting Servlet engine: [Apache Tomcat (TomEE)/9.0.82 (8.0.16)]
12-Jun-2024 10:27:24.509 INFO [main] sun.reflect.DelegatingMethodAccessorImpl.invoke Deploying web application directory [/mnt/8EFED7B1FED79037/UBUNTU-BACKUP/VS-GIT/tomee-demo-project/apache-tomee-plume-8.0.16/webapps/docs]
12-Jun-2024 10:27:24.519 INFO [main] org.apache.tomee.catalina.TomcatWebAppBuilder.init ------------------------- localhost -> /docs
12-Jun-2024 10:27:24.677 INFO [main] org.apache.openejb.config.ConfigurationFactory.configureApplication Configuring enterprise application: /mnt/8EFED7B1FED79037/UBUNTU-BACKUP/VS-GIT/tomee-demo-project/apache-tomee-plume-8.0.16/webapps/docs
12-Jun-2024 10:27:24.728 INFO [main] org.apache.openejb.config.AppInfoBuilder.build Enterprise application "/mnt/8EFED7B1FED79037/UBUNTU-BACKUP/VS-GIT/tomee-demo-project/apache-tomee-plume-8.0.16/webapps/docs" loaded.
12-Jun-2024 10:27:24.731 INFO [main] org.apache.openejb.assembler.classic.Assembler.createApplication Assembling app: /mnt/8EFED7B1FED79037/UBUNTU-BACKUP/VS-GIT/tomee-demo-project/apache-tomee-plume-8.0.16/webapps/docs
12-Jun-2024 10:27:24.879 INFO [main] org.apache.tomee.catalina.TomcatWebAppBuilder.deployWebApps using context file /mnt/8EFED7B1FED79037/UBUNTU-BACKUP/VS-GIT/tomee-demo-project/apache-tomee-plume-8.0.16/webapps/docs/META-INF/context.xml
12-Jun-2024 10:27:24.882 WARNING [main] org.apache.batchee.container.services.ServicesManager.init You didn't specify org.apache.batchee.jmx.application and JMX is already registered, skipping
12-Jun-2024 10:27:24.882 INFO [main] org.apache.openejb.assembler.classic.Assembler.createApplication Deployed Application(path=/mnt/8EFED7B1FED79037/UBUNTU-BACKUP/VS-GIT/tomee-demo-project/apache-tomee-plume-8.0.16/webapps/docs)
12-Jun-2024 10:27:25.093 INFO [main] org.apache.jasper.servlet.TldScanner.scanJars At least one JAR was scanned for TLDs yet contained no TLDs. Enable debug logging for this logger for a complete list of JARs that were scanned but no TLDs were found in them. Skipping unneeded JARs during scanning can improve startup time and JSP compilation time.
12-Jun-2024 10:27:25.283 INFO [main] sun.reflect.DelegatingMethodAccessorImpl.invoke Deployment of web application directory [/mnt/8EFED7B1FED79037/UBUNTU-BACKUP/VS-GIT/tomee-demo-project/apache-tomee-plume-8.0.16/webapps/docs] has finished in [740] ms
12-Jun-2024 10:27:25.283 INFO [main] sun.reflect.DelegatingMethodAccessorImpl.invoke Deploying web application directory [/mnt/8EFED7B1FED79037/UBUNTU-BACKUP/VS-GIT/tomee-demo-project/apache-tomee-plume-8.0.16/webapps/host-manager]
12-Jun-2024 10:27:25.285 INFO [main] org.apache.tomee.catalina.TomcatWebAppBuilder.init ------------------------- localhost -> /host-manager
12-Jun-2024 10:27:25.366 INFO [main] org.apache.openejb.config.ConfigurationFactory.configureApplication Configuring enterprise application: /mnt/8EFED7B1FED79037/UBUNTU-BACKUP/VS-GIT/tomee-demo-project/apache-tomee-plume-8.0.16/webapps/host-manager
12-Jun-2024 10:27:25.377 INFO [main] org.apache.openejb.config.AppInfoBuilder.build Enterprise application "/mnt/8EFED7B1FED79037/UBUNTU-BACKUP/VS-GIT/tomee-demo-project/apache-tomee-plume-8.0.16/webapps/host-manager" loaded.
12-Jun-2024 10:27:25.377 INFO [main] org.apache.openejb.assembler.classic.Assembler.createApplication Assembling app: /mnt/8EFED7B1FED79037/UBUNTU-BACKUP/VS-GIT/tomee-demo-project/apache-tomee-plume-8.0.16/webapps/host-manager
12-Jun-2024 10:27:25.390 INFO [main] org.apache.tomee.catalina.TomcatWebAppBuilder.deployWebApps using context file /mnt/8EFED7B1FED79037/UBUNTU-BACKUP/VS-GIT/tomee-demo-project/apache-tomee-plume-8.0.16/webapps/host-manager/META-INF/context.xml
12-Jun-2024 10:27:25.392 WARNING [main] org.apache.batchee.container.services.ServicesManager.init You didn't specify org.apache.batchee.jmx.application and JMX is already registered, skipping
12-Jun-2024 10:27:25.392 INFO [main] org.apache.openejb.assembler.classic.Assembler.createApplication Deployed Application(path=/mnt/8EFED7B1FED79037/UBUNTU-BACKUP/VS-GIT/tomee-demo-project/apache-tomee-plume-8.0.16/webapps/host-manager)
12-Jun-2024 10:27:25.512 INFO [main] org.apache.jasper.servlet.TldScanner.scanJars At least one JAR was scanned for TLDs yet contained no TLDs. Enable debug logging for this logger for a complete list of JARs that were scanned but no TLDs were found in them. Skipping unneeded JARs during scanning can improve startup time and JSP compilation time.
12-Jun-2024 10:27:25.552 INFO [main] sun.reflect.DelegatingMethodAccessorImpl.invoke Deployment of web application directory [/mnt/8EFED7B1FED79037/UBUNTU-BACKUP/VS-GIT/tomee-demo-project/apache-tomee-plume-8.0.16/webapps/host-manager] has finished in [269] ms
12-Jun-2024 10:27:25.552 INFO [main] sun.reflect.DelegatingMethodAccessorImpl.invoke Deploying web application directory [/mnt/8EFED7B1FED79037/UBUNTU-BACKUP/VS-GIT/tomee-demo-project/apache-tomee-plume-8.0.16/webapps/manager]
12-Jun-2024 10:27:25.554 INFO [main] org.apache.tomee.catalina.TomcatWebAppBuilder.init ------------------------- localhost -> /manager
12-Jun-2024 10:27:25.603 INFO [main] org.apache.openejb.config.ConfigurationFactory.configureApplication Configuring enterprise application: /mnt/8EFED7B1FED79037/UBUNTU-BACKUP/VS-GIT/tomee-demo-project/apache-tomee-plume-8.0.16/webapps/manager
12-Jun-2024 10:27:25.613 INFO [main] org.apache.openejb.config.AppInfoBuilder.build Enterprise application "/mnt/8EFED7B1FED79037/UBUNTU-BACKUP/VS-GIT/tomee-demo-project/apache-tomee-plume-8.0.16/webapps/manager" loaded.
12-Jun-2024 10:27:25.613 INFO [main] org.apache.openejb.assembler.classic.Assembler.createApplication Assembling app: /mnt/8EFED7B1FED79037/UBUNTU-BACKUP/VS-GIT/tomee-demo-project/apache-tomee-plume-8.0.16/webapps/manager
12-Jun-2024 10:27:25.623 INFO [main] org.apache.tomee.catalina.TomcatWebAppBuilder.deployWebApps using context file /mnt/8EFED7B1FED79037/UBUNTU-BACKUP/VS-GIT/tomee-demo-project/apache-tomee-plume-8.0.16/webapps/manager/META-INF/context.xml
12-Jun-2024 10:27:25.624 WARNING [main] org.apache.batchee.container.services.ServicesManager.init You didn't specify org.apache.batchee.jmx.application and JMX is already registered, skipping
12-Jun-2024 10:27:25.625 INFO [main] org.apache.openejb.assembler.classic.Assembler.createApplication Deployed Application(path=/mnt/8EFED7B1FED79037/UBUNTU-BACKUP/VS-GIT/tomee-demo-project/apache-tomee-plume-8.0.16/webapps/manager)
12-Jun-2024 10:27:25.691 INFO [main] org.apache.jasper.servlet.TldScanner.scanJars At least one JAR was scanned for TLDs yet contained no TLDs. Enable debug logging for this logger for a complete list of JARs that were scanned but no TLDs were found in them. Skipping unneeded JARs during scanning can improve startup time and JSP compilation time.
12-Jun-2024 10:27:25.707 INFO [main] sun.reflect.DelegatingMethodAccessorImpl.invoke Deployment of web application directory [/mnt/8EFED7B1FED79037/UBUNTU-BACKUP/VS-GIT/tomee-demo-project/apache-tomee-plume-8.0.16/webapps/manager] has finished in [154] ms
12-Jun-2024 10:27:25.707 INFO [main] sun.reflect.DelegatingMethodAccessorImpl.invoke Deploying web application directory [/mnt/8EFED7B1FED79037/UBUNTU-BACKUP/VS-GIT/tomee-demo-project/apache-tomee-plume-8.0.16/webapps/ROOT]
12-Jun-2024 10:27:25.707 INFO [main] org.apache.tomee.catalina.TomcatWebAppBuilder.init ------------------------- localhost -> /
12-Jun-2024 10:27:25.731 INFO [main] org.apache.openejb.config.ConfigurationFactory.configureApplication Configuring enterprise application: /mnt/8EFED7B1FED79037/UBUNTU-BACKUP/VS-GIT/tomee-demo-project/apache-tomee-plume-8.0.16/webapps/ROOT
12-Jun-2024 10:27:25.735 INFO [main] org.apache.openejb.config.AppInfoBuilder.build Enterprise application "/mnt/8EFED7B1FED79037/UBUNTU-BACKUP/VS-GIT/tomee-demo-project/apache-tomee-plume-8.0.16/webapps/ROOT" loaded.
12-Jun-2024 10:27:25.735 INFO [main] org.apache.openejb.assembler.classic.Assembler.createApplication Assembling app: /mnt/8EFED7B1FED79037/UBUNTU-BACKUP/VS-GIT/tomee-demo-project/apache-tomee-plume-8.0.16/webapps/ROOT
12-Jun-2024 10:27:25.745 WARNING [main] org.apache.batchee.container.services.ServicesManager.init You didn't specify org.apache.batchee.jmx.application and JMX is already registered, skipping
12-Jun-2024 10:27:25.745 INFO [main] org.apache.openejb.assembler.classic.Assembler.createApplication Deployed Application(path=/mnt/8EFED7B1FED79037/UBUNTU-BACKUP/VS-GIT/tomee-demo-project/apache-tomee-plume-8.0.16/webapps/ROOT)
12-Jun-2024 10:27:25.814 INFO [main] org.apache.jasper.servlet.TldScanner.scanJars At least one JAR was scanned for TLDs yet contained no TLDs. Enable debug logging for this logger for a complete list of JARs that were scanned but no TLDs were found in them. Skipping unneeded JARs during scanning can improve startup time and JSP compilation time.
12-Jun-2024 10:27:25.833 INFO [main] sun.reflect.DelegatingMethodAccessorImpl.invoke Deployment of web application directory [/mnt/8EFED7B1FED79037/UBUNTU-BACKUP/VS-GIT/tomee-demo-project/apache-tomee-plume-8.0.16/webapps/ROOT] has finished in [126] ms
12-Jun-2024 10:27:25.837 INFO [main] sun.reflect.DelegatingMethodAccessorImpl.invoke Starting ProtocolHandler ["http-nio-0.0.0.0-8080"]
12-Jun-2024 10:27:25.855 INFO [main] sun.reflect.DelegatingMethodAccessorImpl.invoke Server startup in [1394] milliseconds
12-Jun-2024 10:27:42.564 INFO [main] sun.reflect.DelegatingMethodAccessorImpl.invoke A valid shutdown command was received via the shutdown port. Stopping the Server instance.
12-Jun-2024 10:27:42.565 INFO [main] sun.reflect.DelegatingMethodAccessorImpl.invoke Pausing ProtocolHandler ["http-nio-0.0.0.0-8080"]
12-Jun-2024 10:27:42.574 INFO [main] sun.reflect.DelegatingMethodAccessorImpl.invoke Stopping service [Catalina]
12-Jun-2024 10:27:42.616 INFO [main] org.apache.openejb.assembler.classic.Assembler.destroyApplication Undeploying app: /mnt/8EFED7B1FED79037/UBUNTU-BACKUP/VS-GIT/tomee-demo-project/apache-tomee-plume-8.0.16/webapps/docs
12-Jun-2024 10:27:42.722 INFO [main] org.apache.openejb.assembler.classic.Assembler.destroyApplication Undeploying app: /mnt/8EFED7B1FED79037/UBUNTU-BACKUP/VS-GIT/tomee-demo-project/apache-tomee-plume-8.0.16/webapps/host-manager
12-Jun-2024 10:27:42.796 INFO [main] org.apache.openejb.assembler.classic.Assembler.destroyApplication Undeploying app: /mnt/8EFED7B1FED79037/UBUNTU-BACKUP/VS-GIT/tomee-demo-project/apache-tomee-plume-8.0.16/webapps/manager
12-Jun-2024 10:27:42.844 INFO [main] org.apache.openejb.assembler.classic.Assembler.destroyApplication Undeploying app: /mnt/8EFED7B1FED79037/UBUNTU-BACKUP/VS-GIT/tomee-demo-project/apache-tomee-plume-8.0.16/webapps/ROOT
12-Jun-2024 10:27:42.897 INFO [main] sun.reflect.DelegatingMethodAccessorImpl.invoke Stopping ProtocolHandler ["http-nio-0.0.0.0-8080"]
12-Jun-2024 10:27:42.908 INFO [main] org.apache.openejb.server.SimpleServiceManager.stop Stopping server services
12-Jun-2024 10:27:42.917 INFO [main] org.apache.openejb.assembler.classic.Assembler.doResourceDestruction Closing DataSource: jdbc/BrandGroupXADS
12-Jun-2024 10:27:43.000 INFO [main] sun.reflect.DelegatingMethodAccessorImpl.invoke Destroying ProtocolHandler ["http-nio-0.0.0.0-8080"]
12-Jun-2024 10:28:08.767 INFO [main] org.apache.openejb.persistence.PersistenceBootstrap.getDefaultProvider Default JPA Provider changed to org.eclipse.persistence.jpa.PersistenceProvider specified by jar:file:/mnt/8EFED7B1FED79037/UBUNTU-BACKUP/VS-GIT/tomee-demo-project/apache-tomee-plume-8.0.16/lib/openejb-core-eclipselink-8.0.16.jar!/META-INF/org.apache.openejb.persistence.PersistenceBootstrap.provider
12-Jun-2024 10:28:08.942 INFO [main] sun.reflect.NativeMethodAccessorImpl.invoke Server version name:   Apache Tomcat (TomEE)/9.0.82 (8.0.16)
12-Jun-2024 10:28:08.942 INFO [main] sun.reflect.NativeMethodAccessorImpl.invoke Server built:          Oct 11 2023 13:15:08 UTC
12-Jun-2024 10:28:08.942 INFO [main] sun.reflect.NativeMethodAccessorImpl.invoke Server version number: 9.0.82.0
12-Jun-2024 10:28:08.942 INFO [main] sun.reflect.NativeMethodAccessorImpl.invoke OS Name:               Linux
12-Jun-2024 10:28:08.942 INFO [main] sun.reflect.NativeMethodAccessorImpl.invoke OS Version:            5.4.0-150-generic
12-Jun-2024 10:28:08.942 INFO [main] sun.reflect.NativeMethodAccessorImpl.invoke Architecture:          amd64
12-Jun-2024 10:28:08.942 INFO [main] sun.reflect.NativeMethodAccessorImpl.invoke Java Home:             /usr/lib/jvm/jdk1.8.0_301/jre
12-Jun-2024 10:28:08.942 INFO [main] sun.reflect.NativeMethodAccessorImpl.invoke JVM Version:           1.8.0_301-b09
12-Jun-2024 10:28:08.942 INFO [main] sun.reflect.NativeMethodAccessorImpl.invoke JVM Vendor:            Oracle Corporation
12-Jun-2024 10:28:08.942 INFO [main] sun.reflect.NativeMethodAccessorImpl.invoke CATALINA_BASE:         /mnt/8EFED7B1FED79037/UBUNTU-BACKUP/VS-GIT/tomee-demo-project/apache-tomee-plume-8.0.16
12-Jun-2024 10:28:08.942 INFO [main] sun.reflect.NativeMethodAccessorImpl.invoke CATALINA_HOME:         /mnt/8EFED7B1FED79037/UBUNTU-BACKUP/VS-GIT/tomee-demo-project/apache-tomee-plume-8.0.16
12-Jun-2024 10:28:08.943 INFO [main] sun.reflect.NativeMethodAccessorImpl.invoke Command line argument: -Djava.util.logging.config.file=/mnt/8EFED7B1FED79037/UBUNTU-BACKUP/VS-GIT/tomee-demo-project/apache-tomee-plume-8.0.16/conf/logging.properties
12-Jun-2024 10:28:08.943 INFO [main] sun.reflect.NativeMethodAccessorImpl.invoke Command line argument: -Djava.util.logging.manager=org.apache.juli.ClassLoaderLogManager
12-Jun-2024 10:28:08.943 INFO [main] sun.reflect.NativeMethodAccessorImpl.invoke Command line argument: -javaagent:/mnt/8EFED7B1FED79037/UBUNTU-BACKUP/VS-GIT/tomee-demo-project/apache-tomee-plume-8.0.16/lib/openejb-javaagent.jar
12-Jun-2024 10:28:08.943 INFO [main] sun.reflect.NativeMethodAccessorImpl.invoke Command line argument: -Djdk.tls.ephemeralDHKeySize=2048
12-Jun-2024 10:28:08.943 INFO [main] sun.reflect.NativeMethodAccessorImpl.invoke Command line argument: -Djava.protocol.handler.pkgs=org.apache.catalina.webresources
12-Jun-2024 10:28:08.943 INFO [main] sun.reflect.DelegatingMethodAccessorImpl.invoke Command line argument: -Dorg.apache.catalina.security.SecurityListener.UMASK=0027
12-Jun-2024 10:28:08.943 INFO [main] sun.reflect.DelegatingMethodAccessorImpl.invoke Command line argument: -Dignore.endorsed.dirs=
12-Jun-2024 10:28:08.944 INFO [main] sun.reflect.DelegatingMethodAccessorImpl.invoke Command line argument: -Dcatalina.base=/mnt/8EFED7B1FED79037/UBUNTU-BACKUP/VS-GIT/tomee-demo-project/apache-tomee-plume-8.0.16
12-Jun-2024 10:28:08.944 INFO [main] sun.reflect.DelegatingMethodAccessorImpl.invoke Command line argument: -Dcatalina.home=/mnt/8EFED7B1FED79037/UBUNTU-BACKUP/VS-GIT/tomee-demo-project/apache-tomee-plume-8.0.16
12-Jun-2024 10:28:08.944 INFO [main] sun.reflect.DelegatingMethodAccessorImpl.invoke Command line argument: -Djava.io.tmpdir=/mnt/8EFED7B1FED79037/UBUNTU-BACKUP/VS-GIT/tomee-demo-project/apache-tomee-plume-8.0.16/temp
12-Jun-2024 10:28:08.945 INFO [main] sun.reflect.DelegatingMethodAccessorImpl.invoke The Apache Tomcat Native library which allows using OpenSSL was not found on the java.library.path: [/usr/java/packages/lib/amd64:/usr/lib64:/lib64:/lib:/usr/lib]
12-Jun-2024 10:28:09.334 INFO [main] sun.reflect.DelegatingMethodAccessorImpl.invoke Initializing ProtocolHandler ["http-nio-0.0.0.0-8080"]
12-Jun-2024 10:28:09.580 INFO [main] org.apache.openejb.util.OptionsLog.info Using 'openejb.jdbc.datasource-creator=org.apache.tomee.jdbc.TomEEDataSourceCreator'
12-Jun-2024 10:28:09.657 INFO [main] org.apache.openejb.OpenEJB$Instance.<init> ********************************************************************************
12-Jun-2024 10:28:09.657 INFO [main] org.apache.openejb.OpenEJB$Instance.<init> OpenEJB https://tomee.apache.org/
12-Jun-2024 10:28:09.657 INFO [main] org.apache.openejb.OpenEJB$Instance.<init> Startup: Wed Jun 12 10:28:09 PKT 2024
12-Jun-2024 10:28:09.657 INFO [main] org.apache.openejb.OpenEJB$Instance.<init> Copyright 1999-2023 (C) Apache TomEE Project, All Rights Reserved.
12-Jun-2024 10:28:09.657 INFO [main] org.apache.openejb.OpenEJB$Instance.<init> Version: 8.0.16
12-Jun-2024 10:28:09.657 INFO [main] org.apache.openejb.OpenEJB$Instance.<init> Build date: 20231029
12-Jun-2024 10:28:09.657 INFO [main] org.apache.openejb.OpenEJB$Instance.<init> Build time: 12:20
12-Jun-2024 10:28:09.657 INFO [main] org.apache.openejb.OpenEJB$Instance.<init> ********************************************************************************
12-Jun-2024 10:28:09.657 INFO [main] org.apache.openejb.OpenEJB$Instance.<init> openejb.home = /mnt/8EFED7B1FED79037/UBUNTU-BACKUP/VS-GIT/tomee-demo-project/apache-tomee-plume-8.0.16
12-Jun-2024 10:28:09.657 INFO [main] org.apache.openejb.OpenEJB$Instance.<init> openejb.base = /mnt/8EFED7B1FED79037/UBUNTU-BACKUP/VS-GIT/tomee-demo-project/apache-tomee-plume-8.0.16
12-Jun-2024 10:28:09.660 INFO [main] org.apache.openejb.cdi.CdiBuilder.initializeOWB Created new singletonService org.apache.openejb.cdi.ThreadSingletonServiceImpl@2d3379b4
12-Jun-2024 10:28:09.662 INFO [main] org.apache.openejb.cdi.CdiBuilder.initializeOWB Succeeded in installing singleton service
12-Jun-2024 10:28:09.699 INFO [main] org.apache.openejb.config.ConfigurationFactory.init TomEE configuration file is '/mnt/8EFED7B1FED79037/UBUNTU-BACKUP/VS-GIT/tomee-demo-project/apache-tomee-plume-8.0.16/conf/tomee.xml'
12-Jun-2024 10:28:09.750 INFO [main] org.apache.openejb.config.ConfigurationFactory.configureService Configuring Service(id=Tomcat Security Service, type=SecurityService, provider-id=Tomcat Security Service)
12-Jun-2024 10:28:09.752 INFO [main] org.apache.openejb.config.ConfigurationFactory.configureService Configuring Service(id=Default Transaction Manager, type=TransactionManager, provider-id=Default Transaction Manager)
12-Jun-2024 10:28:09.753 INFO [main] org.apache.openejb.config.ConfigurationFactory.configureService Configuring Service(id=jdbc/BrandGroupXADS, type=Resource, provider-id=Default JDBC Database)
12-Jun-2024 10:28:09.755 INFO [main] org.apache.openejb.util.OptionsLog.info Using 'openejb.deployments.classpath=false'
12-Jun-2024 10:28:09.776 INFO [main] org.apache.openejb.assembler.classic.Assembler.createRecipe Creating TransactionManager(id=Default Transaction Manager)
12-Jun-2024 10:28:09.815 INFO [main] org.apache.openejb.assembler.classic.Assembler.createRecipe Creating SecurityService(id=Tomcat Security Service)
12-Jun-2024 10:28:09.831 INFO [main] org.apache.openejb.assembler.classic.Assembler.createRecipe Creating Resource(id=jdbc/BrandGroupXADS)
12-Jun-2024 10:28:11.194 INFO [main] org.apache.openejb.server.ServiceManager.initServer Creating ServerService(id=cxf)
12-Jun-2024 10:28:11.337 INFO [main] org.apache.openejb.server.ServiceManager.initServer Creating ServerService(id=cxf-rs)
12-Jun-2024 10:28:11.372 INFO [main] org.apache.openejb.server.SimpleServiceManager.start   ** Bound Services **
12-Jun-2024 10:28:11.373 INFO [main] org.apache.openejb.server.SimpleServiceManager.printRow   NAME                 IP              PORT  
12-Jun-2024 10:28:11.373 INFO [main] org.apache.openejb.server.SimpleServiceManager.start -------
12-Jun-2024 10:28:11.373 INFO [main] org.apache.openejb.server.SimpleServiceManager.start Ready!
12-Jun-2024 10:28:11.373 INFO [main] sun.reflect.DelegatingMethodAccessorImpl.invoke Server initialization in [2581] milliseconds
12-Jun-2024 10:28:11.406 INFO [main] org.apache.tomee.catalina.OpenEJBNamingContextListener.bindResource Importing a Tomcat Resource with id 'UserDatabase' of type 'org.apache.catalina.UserDatabase'.
12-Jun-2024 10:28:11.407 INFO [main] org.apache.openejb.assembler.classic.Assembler.createRecipe Creating Resource(id=UserDatabase)
12-Jun-2024 10:28:11.427 INFO [main] sun.reflect.DelegatingMethodAccessorImpl.invoke Starting service [Catalina]
12-Jun-2024 10:28:11.428 INFO [main] sun.reflect.DelegatingMethodAccessorImpl.invoke Starting Servlet engine: [Apache Tomcat (TomEE)/9.0.82 (8.0.16)]
12-Jun-2024 10:28:11.454 INFO [main] sun.reflect.DelegatingMethodAccessorImpl.invoke Deploying web application directory [/mnt/8EFED7B1FED79037/UBUNTU-BACKUP/VS-GIT/tomee-demo-project/apache-tomee-plume-8.0.16/webapps/docs]
12-Jun-2024 10:28:11.481 INFO [main] org.apache.tomee.catalina.TomcatWebAppBuilder.init ------------------------- localhost -> /docs
12-Jun-2024 10:28:11.792 INFO [main] org.apache.openejb.config.ConfigurationFactory.configureApplication Configuring enterprise application: /mnt/8EFED7B1FED79037/UBUNTU-BACKUP/VS-GIT/tomee-demo-project/apache-tomee-plume-8.0.16/webapps/docs
12-Jun-2024 10:28:11.841 INFO [main] org.apache.openejb.config.AppInfoBuilder.build Enterprise application "/mnt/8EFED7B1FED79037/UBUNTU-BACKUP/VS-GIT/tomee-demo-project/apache-tomee-plume-8.0.16/webapps/docs" loaded.
12-Jun-2024 10:28:11.845 INFO [main] org.apache.openejb.assembler.classic.Assembler.createApplication Assembling app: /mnt/8EFED7B1FED79037/UBUNTU-BACKUP/VS-GIT/tomee-demo-project/apache-tomee-plume-8.0.16/webapps/docs
12-Jun-2024 10:28:12.021 INFO [main] org.apache.tomee.catalina.TomcatWebAppBuilder.deployWebApps using context file /mnt/8EFED7B1FED79037/UBUNTU-BACKUP/VS-GIT/tomee-demo-project/apache-tomee-plume-8.0.16/webapps/docs/META-INF/context.xml
12-Jun-2024 10:28:12.024 WARNING [main] org.apache.batchee.container.services.ServicesManager.init You didn't specify org.apache.batchee.jmx.application and JMX is already registered, skipping
12-Jun-2024 10:28:12.025 INFO [main] org.apache.openejb.assembler.classic.Assembler.createApplication Deployed Application(path=/mnt/8EFED7B1FED79037/UBUNTU-BACKUP/VS-GIT/tomee-demo-project/apache-tomee-plume-8.0.16/webapps/docs)
12-Jun-2024 10:28:12.250 INFO [main] org.apache.jasper.servlet.TldScanner.scanJars At least one JAR was scanned for TLDs yet contained no TLDs. Enable debug logging for this logger for a complete list of JARs that were scanned but no TLDs were found in them. Skipping unneeded JARs during scanning can improve startup time and JSP compilation time.
12-Jun-2024 10:28:12.345 INFO [main] sun.reflect.DelegatingMethodAccessorImpl.invoke Deployment of web application directory [/mnt/8EFED7B1FED79037/UBUNTU-BACKUP/VS-GIT/tomee-demo-project/apache-tomee-plume-8.0.16/webapps/docs] has finished in [890] ms
12-Jun-2024 10:28:12.345 INFO [main] sun.reflect.DelegatingMethodAccessorImpl.invoke Deploying web application directory [/mnt/8EFED7B1FED79037/UBUNTU-BACKUP/VS-GIT/tomee-demo-project/apache-tomee-plume-8.0.16/webapps/host-manager]
12-Jun-2024 10:28:12.346 INFO [main] org.apache.tomee.catalina.TomcatWebAppBuilder.init ------------------------- localhost -> /host-manager
12-Jun-2024 10:28:12.395 INFO [main] org.apache.openejb.config.ConfigurationFactory.configureApplication Configuring enterprise application: /mnt/8EFED7B1FED79037/UBUNTU-BACKUP/VS-GIT/tomee-demo-project/apache-tomee-plume-8.0.16/webapps/host-manager
12-Jun-2024 10:28:12.402 INFO [main] org.apache.openejb.config.AppInfoBuilder.build Enterprise application "/mnt/8EFED7B1FED79037/UBUNTU-BACKUP/VS-GIT/tomee-demo-project/apache-tomee-plume-8.0.16/webapps/host-manager" loaded.
12-Jun-2024 10:28:12.402 INFO [main] org.apache.openejb.assembler.classic.Assembler.createApplication Assembling app: /mnt/8EFED7B1FED79037/UBUNTU-BACKUP/VS-GIT/tomee-demo-project/apache-tomee-plume-8.0.16/webapps/host-manager
12-Jun-2024 10:28:12.414 INFO [main] org.apache.tomee.catalina.TomcatWebAppBuilder.deployWebApps using context file /mnt/8EFED7B1FED79037/UBUNTU-BACKUP/VS-GIT/tomee-demo-project/apache-tomee-plume-8.0.16/webapps/host-manager/META-INF/context.xml
12-Jun-2024 10:28:12.415 WARNING [main] org.apache.batchee.container.services.ServicesManager.init You didn't specify org.apache.batchee.jmx.application and JMX is already registered, skipping
12-Jun-2024 10:28:12.415 INFO [main] org.apache.openejb.assembler.classic.Assembler.createApplication Deployed Application(path=/mnt/8EFED7B1FED79037/UBUNTU-BACKUP/VS-GIT/tomee-demo-project/apache-tomee-plume-8.0.16/webapps/host-manager)
12-Jun-2024 10:28:12.476 INFO [main] org.apache.jasper.servlet.TldScanner.scanJars At least one JAR was scanned for TLDs yet contained no TLDs. Enable debug logging for this logger for a complete list of JARs that were scanned but no TLDs were found in them. Skipping unneeded JARs during scanning can improve startup time and JSP compilation time.
12-Jun-2024 10:28:12.499 INFO [main] sun.reflect.DelegatingMethodAccessorImpl.invoke Deployment of web application directory [/mnt/8EFED7B1FED79037/UBUNTU-BACKUP/VS-GIT/tomee-demo-project/apache-tomee-plume-8.0.16/webapps/host-manager] has finished in [154] ms
12-Jun-2024 10:28:12.500 INFO [main] sun.reflect.DelegatingMethodAccessorImpl.invoke Deploying web application directory [/mnt/8EFED7B1FED79037/UBUNTU-BACKUP/VS-GIT/tomee-demo-project/apache-tomee-plume-8.0.16/webapps/manager]
12-Jun-2024 10:28:12.501 INFO [main] org.apache.tomee.catalina.TomcatWebAppBuilder.init ------------------------- localhost -> /manager
12-Jun-2024 10:28:12.531 INFO [main] org.apache.openejb.config.ConfigurationFactory.configureApplication Configuring enterprise application: /mnt/8EFED7B1FED79037/UBUNTU-BACKUP/VS-GIT/tomee-demo-project/apache-tomee-plume-8.0.16/webapps/manager
12-Jun-2024 10:28:12.539 INFO [main] org.apache.openejb.config.AppInfoBuilder.build Enterprise application "/mnt/8EFED7B1FED79037/UBUNTU-BACKUP/VS-GIT/tomee-demo-project/apache-tomee-plume-8.0.16/webapps/manager" loaded.
12-Jun-2024 10:28:12.540 INFO [main] org.apache.openejb.assembler.classic.Assembler.createApplication Assembling app: /mnt/8EFED7B1FED79037/UBUNTU-BACKUP/VS-GIT/tomee-demo-project/apache-tomee-plume-8.0.16/webapps/manager
12-Jun-2024 10:28:12.551 INFO [main] org.apache.tomee.catalina.TomcatWebAppBuilder.deployWebApps using context file /mnt/8EFED7B1FED79037/UBUNTU-BACKUP/VS-GIT/tomee-demo-project/apache-tomee-plume-8.0.16/webapps/manager/META-INF/context.xml
12-Jun-2024 10:28:12.552 WARNING [main] org.apache.batchee.container.services.ServicesManager.init You didn't specify org.apache.batchee.jmx.application and JMX is already registered, skipping
12-Jun-2024 10:28:12.553 INFO [main] org.apache.openejb.assembler.classic.Assembler.createApplication Deployed Application(path=/mnt/8EFED7B1FED79037/UBUNTU-BACKUP/VS-GIT/tomee-demo-project/apache-tomee-plume-8.0.16/webapps/manager)
12-Jun-2024 10:28:12.635 INFO [main] org.apache.jasper.servlet.TldScanner.scanJars At least one JAR was scanned for TLDs yet contained no TLDs. Enable debug logging for this logger for a complete list of JARs that were scanned but no TLDs were found in them. Skipping unneeded JARs during scanning can improve startup time and JSP compilation time.
12-Jun-2024 10:28:12.654 INFO [main] sun.reflect.DelegatingMethodAccessorImpl.invoke Deployment of web application directory [/mnt/8EFED7B1FED79037/UBUNTU-BACKUP/VS-GIT/tomee-demo-project/apache-tomee-plume-8.0.16/webapps/manager] has finished in [154] ms
12-Jun-2024 10:28:12.654 INFO [main] sun.reflect.DelegatingMethodAccessorImpl.invoke Deploying web application directory [/mnt/8EFED7B1FED79037/UBUNTU-BACKUP/VS-GIT/tomee-demo-project/apache-tomee-plume-8.0.16/webapps/ROOT]
12-Jun-2024 10:28:12.654 INFO [main] org.apache.tomee.catalina.TomcatWebAppBuilder.init ------------------------- localhost -> /
12-Jun-2024 10:28:12.682 INFO [main] org.apache.openejb.config.ConfigurationFactory.configureApplication Configuring enterprise application: /mnt/8EFED7B1FED79037/UBUNTU-BACKUP/VS-GIT/tomee-demo-project/apache-tomee-plume-8.0.16/webapps/ROOT
12-Jun-2024 10:28:12.685 INFO [main] org.apache.openejb.config.AppInfoBuilder.build Enterprise application "/mnt/8EFED7B1FED79037/UBUNTU-BACKUP/VS-GIT/tomee-demo-project/apache-tomee-plume-8.0.16/webapps/ROOT" loaded.
12-Jun-2024 10:28:12.685 INFO [main] org.apache.openejb.assembler.classic.Assembler.createApplication Assembling app: /mnt/8EFED7B1FED79037/UBUNTU-BACKUP/VS-GIT/tomee-demo-project/apache-tomee-plume-8.0.16/webapps/ROOT
12-Jun-2024 10:28:12.692 WARNING [main] org.apache.batchee.container.services.ServicesManager.init You didn't specify org.apache.batchee.jmx.application and JMX is already registered, skipping
12-Jun-2024 10:28:12.692 INFO [main] org.apache.openejb.assembler.classic.Assembler.createApplication Deployed Application(path=/mnt/8EFED7B1FED79037/UBUNTU-BACKUP/VS-GIT/tomee-demo-project/apache-tomee-plume-8.0.16/webapps/ROOT)
12-Jun-2024 10:28:12.756 INFO [main] org.apache.jasper.servlet.TldScanner.scanJars At least one JAR was scanned for TLDs yet contained no TLDs. Enable debug logging for this logger for a complete list of JARs that were scanned but no TLDs were found in them. Skipping unneeded JARs during scanning can improve startup time and JSP compilation time.
12-Jun-2024 10:28:12.777 INFO [main] sun.reflect.DelegatingMethodAccessorImpl.invoke Deployment of web application directory [/mnt/8EFED7B1FED79037/UBUNTU-BACKUP/VS-GIT/tomee-demo-project/apache-tomee-plume-8.0.16/webapps/ROOT] has finished in [123] ms
12-Jun-2024 10:28:12.780 INFO [main] sun.reflect.DelegatingMethodAccessorImpl.invoke Starting ProtocolHandler ["http-nio-0.0.0.0-8080"]
12-Jun-2024 10:28:12.794 INFO [main] sun.reflect.DelegatingMethodAccessorImpl.invoke Server startup in [1420] milliseconds
12-Jun-2024 10:28:45.541 INFO [main] sun.reflect.DelegatingMethodAccessorImpl.invoke A valid shutdown command was received via the shutdown port. Stopping the Server instance.
12-Jun-2024 10:28:45.541 INFO [main] sun.reflect.DelegatingMethodAccessorImpl.invoke Pausing ProtocolHandler ["http-nio-0.0.0.0-8080"]
12-Jun-2024 10:28:45.544 INFO [main] sun.reflect.DelegatingMethodAccessorImpl.invoke Stopping service [Catalina]
12-Jun-2024 10:28:45.562 INFO [main] org.apache.openejb.assembler.classic.Assembler.destroyApplication Undeploying app: /mnt/8EFED7B1FED79037/UBUNTU-BACKUP/VS-GIT/tomee-demo-project/apache-tomee-plume-8.0.16/webapps/docs
12-Jun-2024 10:28:45.667 INFO [main] org.apache.openejb.assembler.classic.Assembler.destroyApplication Undeploying app: /mnt/8EFED7B1FED79037/UBUNTU-BACKUP/VS-GIT/tomee-demo-project/apache-tomee-plume-8.0.16/webapps/host-manager
12-Jun-2024 10:28:45.738 INFO [main] org.apache.openejb.assembler.classic.Assembler.destroyApplication Undeploying app: /mnt/8EFED7B1FED79037/UBUNTU-BACKUP/VS-GIT/tomee-demo-project/apache-tomee-plume-8.0.16/webapps/manager
12-Jun-2024 10:28:45.791 INFO [main] org.apache.openejb.assembler.classic.Assembler.destroyApplication Undeploying app: /mnt/8EFED7B1FED79037/UBUNTU-BACKUP/VS-GIT/tomee-demo-project/apache-tomee-plume-8.0.16/webapps/ROOT
12-Jun-2024 10:28:45.840 INFO [main] sun.reflect.DelegatingMethodAccessorImpl.invoke Stopping ProtocolHandler ["http-nio-0.0.0.0-8080"]
12-Jun-2024 10:28:45.857 INFO [main] org.apache.openejb.server.SimpleServiceManager.stop Stopping server services
12-Jun-2024 10:28:45.889 INFO [main] org.apache.openejb.assembler.classic.Assembler.doResourceDestruction Closing DataSource: jdbc/BrandGroupXADS
12-Jun-2024 10:28:45.986 INFO [main] sun.reflect.DelegatingMethodAccessorImpl.invoke Destroying ProtocolHandler ["http-nio-0.0.0.0-8080"]
12-Jun-2024 10:28:48.133 INFO [main] org.apache.openejb.persistence.PersistenceBootstrap.getDefaultProvider Default JPA Provider changed to org.eclipse.persistence.jpa.PersistenceProvider specified by jar:file:/mnt/8EFED7B1FED79037/UBUNTU-BACKUP/VS-GIT/tomee-demo-project/apache-tomee-plume-8.0.16/lib/openejb-core-eclipselink-8.0.16.jar!/META-INF/org.apache.openejb.persistence.PersistenceBootstrap.provider
12-Jun-2024 10:28:48.306 INFO [main] sun.reflect.NativeMethodAccessorImpl.invoke Server version name:   Apache Tomcat (TomEE)/9.0.82 (8.0.16)
12-Jun-2024 10:28:48.306 INFO [main] sun.reflect.NativeMethodAccessorImpl.invoke Server built:          Oct 11 2023 13:15:08 UTC
12-Jun-2024 10:28:48.306 INFO [main] sun.reflect.NativeMethodAccessorImpl.invoke Server version number: 9.0.82.0
12-Jun-2024 10:28:48.306 INFO [main] sun.reflect.NativeMethodAccessorImpl.invoke OS Name:               Linux
12-Jun-2024 10:28:48.306 INFO [main] sun.reflect.NativeMethodAccessorImpl.invoke OS Version:            5.4.0-150-generic
12-Jun-2024 10:28:48.306 INFO [main] sun.reflect.NativeMethodAccessorImpl.invoke Architecture:          amd64
12-Jun-2024 10:28:48.306 INFO [main] sun.reflect.NativeMethodAccessorImpl.invoke Java Home:             /usr/lib/jvm/jdk1.8.0_301/jre
12-Jun-2024 10:28:48.306 INFO [main] sun.reflect.NativeMethodAccessorImpl.invoke JVM Version:           1.8.0_301-b09
12-Jun-2024 10:28:48.306 INFO [main] sun.reflect.NativeMethodAccessorImpl.invoke JVM Vendor:            Oracle Corporation
12-Jun-2024 10:28:48.307 INFO [main] sun.reflect.NativeMethodAccessorImpl.invoke CATALINA_BASE:         /mnt/8EFED7B1FED79037/UBUNTU-BACKUP/VS-GIT/tomee-demo-project/apache-tomee-plume-8.0.16
12-Jun-2024 10:28:48.307 INFO [main] sun.reflect.NativeMethodAccessorImpl.invoke CATALINA_HOME:         /mnt/8EFED7B1FED79037/UBUNTU-BACKUP/VS-GIT/tomee-demo-project/apache-tomee-plume-8.0.16
12-Jun-2024 10:28:48.307 INFO [main] sun.reflect.NativeMethodAccessorImpl.invoke Command line argument: -Djava.util.logging.config.file=/mnt/8EFED7B1FED79037/UBUNTU-BACKUP/VS-GIT/tomee-demo-project/apache-tomee-plume-8.0.16/conf/logging.properties
12-Jun-2024 10:28:48.307 INFO [main] sun.reflect.NativeMethodAccessorImpl.invoke Command line argument: -Djava.util.logging.manager=org.apache.juli.ClassLoaderLogManager
12-Jun-2024 10:28:48.307 INFO [main] sun.reflect.NativeMethodAccessorImpl.invoke Command line argument: -javaagent:/mnt/8EFED7B1FED79037/UBUNTU-BACKUP/VS-GIT/tomee-demo-project/apache-tomee-plume-8.0.16/lib/openejb-javaagent.jar
12-Jun-2024 10:28:48.307 INFO [main] sun.reflect.NativeMethodAccessorImpl.invoke Command line argument: -Djdk.tls.ephemeralDHKeySize=2048
12-Jun-2024 10:28:48.308 INFO [main] sun.reflect.NativeMethodAccessorImpl.invoke Command line argument: -Djava.protocol.handler.pkgs=org.apache.catalina.webresources
12-Jun-2024 10:28:48.308 INFO [main] sun.reflect.DelegatingMethodAccessorImpl.invoke Command line argument: -Dorg.apache.catalina.security.SecurityListener.UMASK=0027
12-Jun-2024 10:28:48.308 INFO [main] sun.reflect.DelegatingMethodAccessorImpl.invoke Command line argument: -Dignore.endorsed.dirs=
12-Jun-2024 10:28:48.308 INFO [main] sun.reflect.DelegatingMethodAccessorImpl.invoke Command line argument: -Dcatalina.base=/mnt/8EFED7B1FED79037/UBUNTU-BACKUP/VS-GIT/tomee-demo-project/apache-tomee-plume-8.0.16
12-Jun-2024 10:28:48.308 INFO [main] sun.reflect.DelegatingMethodAccessorImpl.invoke Command line argument: -Dcatalina.home=/mnt/8EFED7B1FED79037/UBUNTU-BACKUP/VS-GIT/tomee-demo-project/apache-tomee-plume-8.0.16
12-Jun-2024 10:28:48.308 INFO [main] sun.reflect.DelegatingMethodAccessorImpl.invoke Command line argument: -Djava.io.tmpdir=/mnt/8EFED7B1FED79037/UBUNTU-BACKUP/VS-GIT/tomee-demo-project/apache-tomee-plume-8.0.16/temp
12-Jun-2024 10:28:48.310 INFO [main] sun.reflect.DelegatingMethodAccessorImpl.invoke The Apache Tomcat Native library which allows using OpenSSL was not found on the java.library.path: [/usr/java/packages/lib/amd64:/usr/lib64:/lib64:/lib:/usr/lib]
12-Jun-2024 10:28:48.708 INFO [main] sun.reflect.DelegatingMethodAccessorImpl.invoke Initializing ProtocolHandler ["http-nio-0.0.0.0-8080"]
12-Jun-2024 10:28:48.946 INFO [main] org.apache.openejb.util.OptionsLog.info Using 'openejb.jdbc.datasource-creator=org.apache.tomee.jdbc.TomEEDataSourceCreator'
12-Jun-2024 10:28:49.017 INFO [main] org.apache.openejb.OpenEJB$Instance.<init> ********************************************************************************
12-Jun-2024 10:28:49.017 INFO [main] org.apache.openejb.OpenEJB$Instance.<init> OpenEJB https://tomee.apache.org/
12-Jun-2024 10:28:49.017 INFO [main] org.apache.openejb.OpenEJB$Instance.<init> Startup: Wed Jun 12 10:28:49 PKT 2024
12-Jun-2024 10:28:49.017 INFO [main] org.apache.openejb.OpenEJB$Instance.<init> Copyright 1999-2023 (C) Apache TomEE Project, All Rights Reserved.
12-Jun-2024 10:28:49.017 INFO [main] org.apache.openejb.OpenEJB$Instance.<init> Version: 8.0.16
12-Jun-2024 10:28:49.017 INFO [main] org.apache.openejb.OpenEJB$Instance.<init> Build date: 20231029
12-Jun-2024 10:28:49.018 INFO [main] org.apache.openejb.OpenEJB$Instance.<init> Build time: 12:20
12-Jun-2024 10:28:49.018 INFO [main] org.apache.openejb.OpenEJB$Instance.<init> ********************************************************************************
12-Jun-2024 10:28:49.018 INFO [main] org.apache.openejb.OpenEJB$Instance.<init> openejb.home = /mnt/8EFED7B1FED79037/UBUNTU-BACKUP/VS-GIT/tomee-demo-project/apache-tomee-plume-8.0.16
12-Jun-2024 10:28:49.018 INFO [main] org.apache.openejb.OpenEJB$Instance.<init> openejb.base = /mnt/8EFED7B1FED79037/UBUNTU-BACKUP/VS-GIT/tomee-demo-project/apache-tomee-plume-8.0.16
12-Jun-2024 10:28:49.020 INFO [main] org.apache.openejb.cdi.CdiBuilder.initializeOWB Created new singletonService org.apache.openejb.cdi.ThreadSingletonServiceImpl@2d3379b4
12-Jun-2024 10:28:49.022 INFO [main] org.apache.openejb.cdi.CdiBuilder.initializeOWB Succeeded in installing singleton service
12-Jun-2024 10:28:49.047 INFO [main] org.apache.openejb.config.ConfigurationFactory.init TomEE configuration file is '/mnt/8EFED7B1FED79037/UBUNTU-BACKUP/VS-GIT/tomee-demo-project/apache-tomee-plume-8.0.16/conf/tomee.xml'
12-Jun-2024 10:28:49.086 INFO [main] org.apache.openejb.config.ConfigurationFactory.configureService Configuring Service(id=Tomcat Security Service, type=SecurityService, provider-id=Tomcat Security Service)
12-Jun-2024 10:28:49.088 INFO [main] org.apache.openejb.config.ConfigurationFactory.configureService Configuring Service(id=Default Transaction Manager, type=TransactionManager, provider-id=Default Transaction Manager)
12-Jun-2024 10:28:49.088 INFO [main] org.apache.openejb.config.ConfigurationFactory.configureService Configuring Service(id=jdbc/test, type=Resource, provider-id=Default JDBC Database)
12-Jun-2024 10:28:49.091 INFO [main] org.apache.openejb.util.OptionsLog.info Using 'openejb.deployments.classpath=false'
12-Jun-2024 10:28:49.104 INFO [main] org.apache.openejb.assembler.classic.Assembler.createRecipe Creating TransactionManager(id=Default Transaction Manager)
12-Jun-2024 10:28:49.140 INFO [main] org.apache.openejb.assembler.classic.Assembler.createRecipe Creating SecurityService(id=Tomcat Security Service)
12-Jun-2024 10:28:49.154 INFO [main] org.apache.openejb.assembler.classic.Assembler.createRecipe Creating Resource(id=jdbc/test)
12-Jun-2024 10:28:50.454 INFO [main] org.apache.openejb.server.ServiceManager.initServer Creating ServerService(id=cxf)
12-Jun-2024 10:28:50.598 INFO [main] org.apache.openejb.server.ServiceManager.initServer Creating ServerService(id=cxf-rs)
12-Jun-2024 10:28:50.630 INFO [main] org.apache.openejb.server.SimpleServiceManager.start   ** Bound Services **
12-Jun-2024 10:28:50.630 INFO [main] org.apache.openejb.server.SimpleServiceManager.printRow   NAME                 IP              PORT  
12-Jun-2024 10:28:50.630 INFO [main] org.apache.openejb.server.SimpleServiceManager.start -------
12-Jun-2024 10:28:50.630 INFO [main] org.apache.openejb.server.SimpleServiceManager.start Ready!
12-Jun-2024 10:28:50.630 INFO [main] sun.reflect.DelegatingMethodAccessorImpl.invoke Server initialization in [2472] milliseconds
12-Jun-2024 10:28:50.663 INFO [main] org.apache.tomee.catalina.OpenEJBNamingContextListener.bindResource Importing a Tomcat Resource with id 'UserDatabase' of type 'org.apache.catalina.UserDatabase'.
12-Jun-2024 10:28:50.663 INFO [main] org.apache.openejb.assembler.classic.Assembler.createRecipe Creating Resource(id=UserDatabase)
12-Jun-2024 10:28:50.678 INFO [main] sun.reflect.DelegatingMethodAccessorImpl.invoke Starting service [Catalina]
12-Jun-2024 10:28:50.678 INFO [main] sun.reflect.DelegatingMethodAccessorImpl.invoke Starting Servlet engine: [Apache Tomcat (TomEE)/9.0.82 (8.0.16)]
12-Jun-2024 10:28:50.690 INFO [main] sun.reflect.DelegatingMethodAccessorImpl.invoke Deploying web application directory [/mnt/8EFED7B1FED79037/UBUNTU-BACKUP/VS-GIT/tomee-demo-project/apache-tomee-plume-8.0.16/webapps/docs]
12-Jun-2024 10:28:50.705 INFO [main] org.apache.tomee.catalina.TomcatWebAppBuilder.init ------------------------- localhost -> /docs
12-Jun-2024 10:28:50.921 INFO [main] org.apache.openejb.config.ConfigurationFactory.configureApplication Configuring enterprise application: /mnt/8EFED7B1FED79037/UBUNTU-BACKUP/VS-GIT/tomee-demo-project/apache-tomee-plume-8.0.16/webapps/docs
12-Jun-2024 10:28:50.983 INFO [main] org.apache.openejb.config.AppInfoBuilder.build Enterprise application "/mnt/8EFED7B1FED79037/UBUNTU-BACKUP/VS-GIT/tomee-demo-project/apache-tomee-plume-8.0.16/webapps/docs" loaded.
12-Jun-2024 10:28:50.986 INFO [main] org.apache.openejb.assembler.classic.Assembler.createApplication Assembling app: /mnt/8EFED7B1FED79037/UBUNTU-BACKUP/VS-GIT/tomee-demo-project/apache-tomee-plume-8.0.16/webapps/docs
12-Jun-2024 10:28:51.152 INFO [main] org.apache.tomee.catalina.TomcatWebAppBuilder.deployWebApps using context file /mnt/8EFED7B1FED79037/UBUNTU-BACKUP/VS-GIT/tomee-demo-project/apache-tomee-plume-8.0.16/webapps/docs/META-INF/context.xml
12-Jun-2024 10:28:51.154 WARNING [main] org.apache.batchee.container.services.ServicesManager.init You didn't specify org.apache.batchee.jmx.application and JMX is already registered, skipping
12-Jun-2024 10:28:51.154 INFO [main] org.apache.openejb.assembler.classic.Assembler.createApplication Deployed Application(path=/mnt/8EFED7B1FED79037/UBUNTU-BACKUP/VS-GIT/tomee-demo-project/apache-tomee-plume-8.0.16/webapps/docs)
12-Jun-2024 10:28:51.360 INFO [main] org.apache.jasper.servlet.TldScanner.scanJars At least one JAR was scanned for TLDs yet contained no TLDs. Enable debug logging for this logger for a complete list of JARs that were scanned but no TLDs were found in them. Skipping unneeded JARs during scanning can improve startup time and JSP compilation time.
12-Jun-2024 10:28:51.483 INFO [main] sun.reflect.DelegatingMethodAccessorImpl.invoke Deployment of web application directory [/mnt/8EFED7B1FED79037/UBUNTU-BACKUP/VS-GIT/tomee-demo-project/apache-tomee-plume-8.0.16/webapps/docs] has finished in [792] ms
12-Jun-2024 10:28:51.483 INFO [main] sun.reflect.DelegatingMethodAccessorImpl.invoke Deploying web application directory [/mnt/8EFED7B1FED79037/UBUNTU-BACKUP/VS-GIT/tomee-demo-project/apache-tomee-plume-8.0.16/webapps/host-manager]
12-Jun-2024 10:28:51.484 INFO [main] org.apache.tomee.catalina.TomcatWebAppBuilder.init ------------------------- localhost -> /host-manager
12-Jun-2024 10:28:51.546 INFO [main] org.apache.openejb.config.ConfigurationFactory.configureApplication Configuring enterprise application: /mnt/8EFED7B1FED79037/UBUNTU-BACKUP/VS-GIT/tomee-demo-project/apache-tomee-plume-8.0.16/webapps/host-manager
12-Jun-2024 10:28:51.554 INFO [main] org.apache.openejb.config.AppInfoBuilder.build Enterprise application "/mnt/8EFED7B1FED79037/UBUNTU-BACKUP/VS-GIT/tomee-demo-project/apache-tomee-plume-8.0.16/webapps/host-manager" loaded.
12-Jun-2024 10:28:51.554 INFO [main] org.apache.openejb.assembler.classic.Assembler.createApplication Assembling app: /mnt/8EFED7B1FED79037/UBUNTU-BACKUP/VS-GIT/tomee-demo-project/apache-tomee-plume-8.0.16/webapps/host-manager
12-Jun-2024 10:28:51.564 INFO [main] org.apache.tomee.catalina.TomcatWebAppBuilder.deployWebApps using context file /mnt/8EFED7B1FED79037/UBUNTU-BACKUP/VS-GIT/tomee-demo-project/apache-tomee-plume-8.0.16/webapps/host-manager/META-INF/context.xml
12-Jun-2024 10:28:51.565 WARNING [main] org.apache.batchee.container.services.ServicesManager.init You didn't specify org.apache.batchee.jmx.application and JMX is already registered, skipping
12-Jun-2024 10:28:51.565 INFO [main] org.apache.openejb.assembler.classic.Assembler.createApplication Deployed Application(path=/mnt/8EFED7B1FED79037/UBUNTU-BACKUP/VS-GIT/tomee-demo-project/apache-tomee-plume-8.0.16/webapps/host-manager)
12-Jun-2024 10:28:51.645 INFO [main] org.apache.jasper.servlet.TldScanner.scanJars At least one JAR was scanned for TLDs yet contained no TLDs. Enable debug logging for this logger for a complete list of JARs that were scanned but no TLDs were found in them. Skipping unneeded JARs during scanning can improve startup time and JSP compilation time.
12-Jun-2024 10:28:51.665 INFO [main] sun.reflect.DelegatingMethodAccessorImpl.invoke Deployment of web application directory [/mnt/8EFED7B1FED79037/UBUNTU-BACKUP/VS-GIT/tomee-demo-project/apache-tomee-plume-8.0.16/webapps/host-manager] has finished in [181] ms
12-Jun-2024 10:28:51.665 INFO [main] sun.reflect.DelegatingMethodAccessorImpl.invoke Deploying web application directory [/mnt/8EFED7B1FED79037/UBUNTU-BACKUP/VS-GIT/tomee-demo-project/apache-tomee-plume-8.0.16/webapps/manager]
12-Jun-2024 10:28:51.666 INFO [main] org.apache.tomee.catalina.TomcatWebAppBuilder.init ------------------------- localhost -> /manager
12-Jun-2024 10:28:51.694 INFO [main] org.apache.openejb.config.ConfigurationFactory.configureApplication Configuring enterprise application: /mnt/8EFED7B1FED79037/UBUNTU-BACKUP/VS-GIT/tomee-demo-project/apache-tomee-plume-8.0.16/webapps/manager
12-Jun-2024 10:28:51.701 INFO [main] org.apache.openejb.config.AppInfoBuilder.build Enterprise application "/mnt/8EFED7B1FED79037/UBUNTU-BACKUP/VS-GIT/tomee-demo-project/apache-tomee-plume-8.0.16/webapps/manager" loaded.
12-Jun-2024 10:28:51.701 INFO [main] org.apache.openejb.assembler.classic.Assembler.createApplication Assembling app: /mnt/8EFED7B1FED79037/UBUNTU-BACKUP/VS-GIT/tomee-demo-project/apache-tomee-plume-8.0.16/webapps/manager
12-Jun-2024 10:28:51.709 INFO [main] org.apache.tomee.catalina.TomcatWebAppBuilder.deployWebApps using context file /mnt/8EFED7B1FED79037/UBUNTU-BACKUP/VS-GIT/tomee-demo-project/apache-tomee-plume-8.0.16/webapps/manager/META-INF/context.xml
12-Jun-2024 10:28:51.710 WARNING [main] org.apache.batchee.container.services.ServicesManager.init You didn't specify org.apache.batchee.jmx.application and JMX is already registered, skipping
12-Jun-2024 10:28:51.710 INFO [main] org.apache.openejb.assembler.classic.Assembler.createApplication Deployed Application(path=/mnt/8EFED7B1FED79037/UBUNTU-BACKUP/VS-GIT/tomee-demo-project/apache-tomee-plume-8.0.16/webapps/manager)
12-Jun-2024 10:28:51.760 INFO [main] org.apache.jasper.servlet.TldScanner.scanJars At least one JAR was scanned for TLDs yet contained no TLDs. Enable debug logging for this logger for a complete list of JARs that were scanned but no TLDs were found in them. Skipping unneeded JARs during scanning can improve startup time and JSP compilation time.
12-Jun-2024 10:28:51.772 INFO [main] sun.reflect.DelegatingMethodAccessorImpl.invoke Deployment of web application directory [/mnt/8EFED7B1FED79037/UBUNTU-BACKUP/VS-GIT/tomee-demo-project/apache-tomee-plume-8.0.16/webapps/manager] has finished in [107] ms
12-Jun-2024 10:28:51.773 INFO [main] sun.reflect.DelegatingMethodAccessorImpl.invoke Deploying web application directory [/mnt/8EFED7B1FED79037/UBUNTU-BACKUP/VS-GIT/tomee-demo-project/apache-tomee-plume-8.0.16/webapps/ROOT]
12-Jun-2024 10:28:51.773 INFO [main] org.apache.tomee.catalina.TomcatWebAppBuilder.init ------------------------- localhost -> /
12-Jun-2024 10:28:51.804 INFO [main] org.apache.openejb.config.ConfigurationFactory.configureApplication Configuring enterprise application: /mnt/8EFED7B1FED79037/UBUNTU-BACKUP/VS-GIT/tomee-demo-project/apache-tomee-plume-8.0.16/webapps/ROOT
12-Jun-2024 10:28:51.808 INFO [main] org.apache.openejb.config.AppInfoBuilder.build Enterprise application "/mnt/8EFED7B1FED79037/UBUNTU-BACKUP/VS-GIT/tomee-demo-project/apache-tomee-plume-8.0.16/webapps/ROOT" loaded.
12-Jun-2024 10:28:51.808 INFO [main] org.apache.openejb.assembler.classic.Assembler.createApplication Assembling app: /mnt/8EFED7B1FED79037/UBUNTU-BACKUP/VS-GIT/tomee-demo-project/apache-tomee-plume-8.0.16/webapps/ROOT
12-Jun-2024 10:28:51.819 WARNING [main] org.apache.batchee.container.services.ServicesManager.init You didn't specify org.apache.batchee.jmx.application and JMX is already registered, skipping
12-Jun-2024 10:28:51.819 INFO [main] org.apache.openejb.assembler.classic.Assembler.createApplication Deployed Application(path=/mnt/8EFED7B1FED79037/UBUNTU-BACKUP/VS-GIT/tomee-demo-project/apache-tomee-plume-8.0.16/webapps/ROOT)
12-Jun-2024 10:28:51.874 INFO [main] org.apache.jasper.servlet.TldScanner.scanJars At least one JAR was scanned for TLDs yet contained no TLDs. Enable debug logging for this logger for a complete list of JARs that were scanned but no TLDs were found in them. Skipping unneeded JARs during scanning can improve startup time and JSP compilation time.
12-Jun-2024 10:28:51.892 INFO [main] sun.reflect.DelegatingMethodAccessorImpl.invoke Deployment of web application directory [/mnt/8EFED7B1FED79037/UBUNTU-BACKUP/VS-GIT/tomee-demo-project/apache-tomee-plume-8.0.16/webapps/ROOT] has finished in [119] ms
12-Jun-2024 10:28:51.895 INFO [main] sun.reflect.DelegatingMethodAccessorImpl.invoke Starting ProtocolHandler ["http-nio-0.0.0.0-8080"]
12-Jun-2024 10:28:51.909 INFO [main] sun.reflect.DelegatingMethodAccessorImpl.invoke Server startup in [1278] milliseconds
12-Jun-2024 10:28:54.394 INFO [main] sun.reflect.DelegatingMethodAccessorImpl.invoke A valid shutdown command was received via the shutdown port. Stopping the Server instance.
12-Jun-2024 10:28:54.394 INFO [main] sun.reflect.DelegatingMethodAccessorImpl.invoke Pausing ProtocolHandler ["http-nio-0.0.0.0-8080"]
12-Jun-2024 10:28:54.397 INFO [main] sun.reflect.DelegatingMethodAccessorImpl.invoke Stopping service [Catalina]
12-Jun-2024 10:28:54.412 INFO [main] org.apache.openejb.assembler.classic.Assembler.destroyApplication Undeploying app: /mnt/8EFED7B1FED79037/UBUNTU-BACKUP/VS-GIT/tomee-demo-project/apache-tomee-plume-8.0.16/webapps/docs
12-Jun-2024 10:28:54.512 INFO [main] org.apache.openejb.assembler.classic.Assembler.destroyApplication Undeploying app: /mnt/8EFED7B1FED79037/UBUNTU-BACKUP/VS-GIT/tomee-demo-project/apache-tomee-plume-8.0.16/webapps/host-manager
12-Jun-2024 10:28:54.587 INFO [main] org.apache.openejb.assembler.classic.Assembler.destroyApplication Undeploying app: /mnt/8EFED7B1FED79037/UBUNTU-BACKUP/VS-GIT/tomee-demo-project/apache-tomee-plume-8.0.16/webapps/manager
12-Jun-2024 10:28:54.637 INFO [main] org.apache.openejb.assembler.classic.Assembler.destroyApplication Undeploying app: /mnt/8EFED7B1FED79037/UBUNTU-BACKUP/VS-GIT/tomee-demo-project/apache-tomee-plume-8.0.16/webapps/ROOT
12-Jun-2024 10:28:54.686 INFO [main] sun.reflect.DelegatingMethodAccessorImpl.invoke Stopping ProtocolHandler ["http-nio-0.0.0.0-8080"]
12-Jun-2024 10:28:54.700 INFO [main] org.apache.openejb.server.SimpleServiceManager.stop Stopping server services
12-Jun-2024 10:28:54.728 INFO [main] org.apache.openejb.assembler.classic.Assembler.doResourceDestruction Closing DataSource: jdbc/test
12-Jun-2024 10:28:54.814 INFO [main] sun.reflect.DelegatingMethodAccessorImpl.invoke Destroying ProtocolHandler ["http-nio-0.0.0.0-8080"]
